Added Component: Designator=C1(CAP200)
Added Component: Designator=C2(CAP200)
Added Component: Designator=C3(CAP200)
Added Component: Designator=C4(CAP200)
Added Component: Designator=D1(DO41)
Added Component: Designator=J1(BORNERA2)
Added Component: Designator=J2(SIP5*2)
Added Component: Designator=J3(BORNERA2)
Added Component: Designator=J4(BORNERA3)
Added Component: Designator=R1(0805)
Added Component: Designator=R2(0805)
Added Component: Designator=R3(0805)
Added Component: Designator=R4(PRESET H)
Added Component: Designator=R5(0805)
Added Component: Designator=R6(0805)
Added Component: Designator=U1(TO-220 H - DISIPADOR)
Added Component: Designator=U2(DIP8)
Added Component: Designator=U3(DIP8)
Added Pin To Net: NetName=GND Pin=C1-2
Added Pin To Net: NetName=GND Pin=C2-2
Added Pin To Net: NetName=GND Pin=C3-2
Added Pin To Net: NetName=GND Pin=C4-2
Added Pin To Net: NetName=GND Pin=J1-2
Added Pin To Net: NetName=O2 Pin=J2-1
Added Pin To Net: NetName=O3 Pin=J2-2
Added Pin To Net: NetName=O1 Pin=J2-3
Added Pin To Net: NetName=O4 Pin=J2-4
Added Pin To Net: NetName=GND Pin=J2-5
Added Pin To Net: NetName=3.3 Pin=J2-7
Added Pin To Net: NetName=L1 Pin=J3-1
Added Pin To Net: NetName=L2 Pin=J3-2
Added Pin To Net: NetName=L3 Pin=J4-1
Added Pin To Net: NetName=L4 Pin=J4-2
Added Pin To Net: NetName=3.3 Pin=J4-3
Added Pin To Net: NetName=GND Pin=R1-1
Added Pin To Net: NetName=L1 Pin=R1-2
Added Pin To Net: NetName=GND Pin=R2-1
Added Pin To Net: NetName=L3 Pin=R2-2
Added Pin To Net: NetName=3.3 Pin=R3-2
Added Pin To Net: NetName=GND Pin=R4-1
Added Pin To Net: NetName=GND Pin=R5-1
Added Pin To Net: NetName=L2 Pin=R5-2
Added Pin To Net: NetName=GND Pin=R6-1
Added Pin To Net: NetName=L4 Pin=R6-2
Added Pin To Net: NetName=GND Pin=U1-2
Added Pin To Net: NetName=O3 Pin=U2-1
Added Pin To Net: NetName=VREF Pin=U2-2
Added Pin To Net: NetName=L3 Pin=U2-3
Added Pin To Net: NetName=GND Pin=U2-4
Added Pin To Net: NetName=L1 Pin=U2-5
Added Pin To Net: NetName=VREF Pin=U2-6
Added Pin To Net: NetName=O1 Pin=U2-7
Added Pin To Net: NetName=3.3 Pin=U2-8
Added Pin To Net: NetName=O2 Pin=U3-1
Added Pin To Net: NetName=VREF Pin=U3-2
Added Pin To Net: NetName=L2 Pin=U3-3
Added Pin To Net: NetName=GND Pin=U3-4
Added Pin To Net: NetName=L4 Pin=U3-5
Added Pin To Net: NetName=VREF Pin=U3-6
Added Pin To Net: NetName=O4 Pin=U3-7
Added Pin To Net: NetName=3.3 Pin=U3-8
Added Pin To Net: NetName=5V Pin=C4-1
Added Pin To Net: NetName=5V Pin=J1-1
Added Pin To Net: NetName=5V Pin=U1-3
Added Net: Name=5V
Added Pin To Net: NetName=NetC1_1 Pin=C1-1
Added Pin To Net: NetName=NetC1_1 Pin=C2-1
Added Pin To Net: NetName=NetC1_1 Pin=C3-1
Added Pin To Net: NetName=NetC1_1 Pin=D1-2
Added Pin To Net: NetName=NetC1_1 Pin=U1-1
Added Net: Name=NetC1_1
Added Pin To Net: NetName=NetR3_1 Pin=R3-1
Added Pin To Net: NetName=NetR3_1 Pin=R4-2
Added Pin To Net: NetName=NetR3_1 Pin=R4-3
Added Net: Name=NetR3_1
Added Pin To Net: NetName=VDD Pin=D1-1
Added Pin To Net: NetName=VDD Pin=J2-9
Added Net: Name=VDD
Added Member To Class: ClassName=PLACALDR Member=Component C1 0.1uF
Added Member To Class: ClassName=PLACALDR Member=Component C2 0.22uF
Added Member To Class: ClassName=PLACALDR Member=Component C3 10nF
Added Member To Class: ClassName=PLACALDR Member=Component C4 0.1uF
Added Member To Class: ClassName=PLACALDR Member=Component D1 1N4007
Added Member To Class: ClassName=PLACALDR Member=Component J1 BORNERA 2
Added Member To Class: ClassName=PLACALDR Member=Component J2 CON5*2
Added Member To Class: ClassName=PLACALDR Member=Component J3 BORNERA 2
Added Member To Class: ClassName=PLACALDR Member=Component J4 BORNERA 3
Added Member To Class: ClassName=PLACALDR Member=Component R1 1K
Added Member To Class: ClassName=PLACALDR Member=Component R2 1K
Added Member To Class: ClassName=PLACALDR Member=Component R3 1K
Added Member To Class: ClassName=PLACALDR Member=Component R4 10K
Added Member To Class: ClassName=PLACALDR Member=Component R5 1K
Added Member To Class: ClassName=PLACALDR Member=Component R6 1K
Added Member To Class: ClassName=PLACALDR Member=Component U1 7805
Added Member To Class: ClassName=PLACALDR Member=Component U2 LM358
Added Member To Class: ClassName=PLACALDR Member=Component U3 LM358
Added Room: Name=PLACALDR
