Removed Pin From Net: NetName=CUERDA2 Pin=J1-1
Removed Pin From Net: NetName=CUERDA1 Pin=J1-2
Removed Pin From Net: NetName=CUERDA3 Pin=J1-3
Removed Pin From Net: NetName=CUERDA4 Pin=J1-5
Removed Pin From Net: NetName=EXP8 Pin=J2-1
Removed Pin From Net: NetName=EXP6 Pin=J2-2
Removed Pin From Net: NetName=EXP7 Pin=J2-3
Change Component DesignItemId : Designator=J1 Old DesignItemId=CON3*2 New DesignItemId=BORNERA 3
Change Component Footprint: Designator=J1 Old Footprint=SIP3*2 New Footprint=BORNERA3
Change Component Comment : Designator=J1 Old Comment=CON3*2 New Comment=BORNERA 3
Change Component Designator: OldDesignator=J4 NewDesignator=J2
Added Component: Designator=J4(BORNERA2)
Added Component: Designator=J5(BORNERA2)
Added Pin To Net: NetName=EXP8 Pin=J1-1
Added Pin To Net: NetName=EXP6 Pin=J1-2
Added Pin To Net: NetName=EXP7 Pin=J1-3
Added Pin To Net: NetName=CUERDA1 Pin=J4-1
Added Pin To Net: NetName=CUERDA2 Pin=J4-2
Added Pin To Net: NetName=CUERDA3 Pin=J5-1
Added Pin To Net: NetName=CUERDA4 Pin=J5-2
Added Member To Class: ClassName=PLACAInterconexion Member=Component J4 BORNERA 2
Added Member To Class: ClassName=PLACAInterconexion Member=Component J5 BORNERA 2
Added Room: Name=PLACAInterconexion
